2024-05-27 17:36:06.183 [main] INFO  c.s.s.SpringbootSlf4jApplication - Starting SpringbootSlf4jApplication on Administrator with PID 9496 (F:\JavaProject2024_4_17\springboot_slf4j\target\classes started by Administrator in F:\JavaProject2024_4_17\springboot_slf4j)
2024-05-27 17:36:06.198 [main] INFO  c.s.s.SpringbootSlf4jApplication - No active profile set, falling back to default profiles: default
2024-05-27 17:36:06.948 [main] INFO  o.s.b.w.e.tomcat.TomcatWebServer - Tomcat initialized with port(s): 8080 (http)
2024-05-27 17:36:06.948 [main] INFO  o.a.coyote.http11.Http11NioProtocol - Initializing ProtocolHandler ["http-nio-8080"]
2024-05-27 17:36:06.948 [main] INFO  o.a.catalina.core.StandardService - Starting service [Tomcat]
2024-05-27 17:36:06.948 [main] INFO  o.a.catalina.core.StandardEngine - Starting Servlet engine: [Apache Tomcat/9.0.46]
2024-05-27 17:36:06.948 [main] INFO  o.a.c.core.AprLifecycleListener - An older version [1.2.16] of the Apache Tomcat Native library is installed, while Tomcat recommends a minimum version of [1.2.23]
2024-05-27 17:36:06.948 [main] INFO  o.a.c.core.AprLifecycleListener - Loaded Apache Tomcat Native library [1.2.16] using APR version [1.6.3].
2024-05-27 17:36:06.964 [main] INFO  o.a.c.core.AprLifecycleListener - APR capabilities: IPv6 [true], sendfile [true], accept filters [false], random [true].
2024-05-27 17:36:06.964 [main] INFO  o.a.c.core.AprLifecycleListener - APR/OpenSSL configuration: useAprConnector [false], useOpenSSL [true]
2024-05-27 17:36:07.980 [main] INFO  o.a.c.core.AprLifecycleListener - OpenSSL successfully initialized [OpenSSL 1.0.2m  2 Nov 2017]
2024-05-27 17:36:08.058 [main] INFO  o.a.c.c.C.[Tomcat].[localhost].[/] - Initializing Spring embedded WebApplicationContext
2024-05-27 17:36:08.058 [main] INFO  o.s.b.w.s.c.ServletWebServerApplicationContext - Root WebApplicationContext: initialization completed in 1813 ms
2024-05-27 17:36:08.183 [main] INFO  o.s.s.c.ThreadPoolTaskExecutor - Initializing ExecutorService 'applicationTaskExecutor'
2024-05-27 17:36:08.292 [main] INFO  o.a.coyote.http11.Http11NioProtocol - Starting ProtocolHandler ["http-nio-8080"]
2024-05-27 17:36:08.308 [main] INFO  o.s.b.w.e.tomcat.TomcatWebServer - Tomcat started on port(s): 8080 (http) with context path ''
2024-05-27 17:36:08.323 [main] INFO  c.s.s.SpringbootSlf4jApplication - Started SpringbootSlf4jApplication in 2.422 seconds (JVM running for 3.554)
2024-05-27 17:36:20.759 [http-nio-8080-exec-1] INFO  o.a.c.c.C.[Tomcat].[localhost].[/] - Initializing Spring DispatcherServlet 'dispatcherServlet'
2024-05-27 17:36:20.759 [http-nio-8080-exec-1] INFO  o.s.web.servlet.DispatcherServlet - Initializing Servlet 'dispatcherServlet'
2024-05-27 17:36:20.762 [http-nio-8080-exec-1] INFO  o.s.web.servlet.DispatcherServlet - Completed initialization in 3 ms
2024-05-27 17:36:20.777 [http-nio-8080-exec-1] INFO  c.s.s.controller.TestController - ===========测试日志info级别打印===========
2024-05-27 17:36:20.777 [http-nio-8080-exec-1] ERROR c.s.s.controller.TestController - ===========测试日志error级别打印===========
2024-05-27 17:36:20.777 [http-nio-8080-exec-1] WARN  c.s.s.controller.TestController - ===========测试日志warn级别打印===========
2024-05-27 17:36:20.777 [http-nio-8080-exec-1] INFO  c.s.s.controller.TestController - 当前案例使用的是Spring Boot整合SLF4j案例!
2024-05-27 18:27:50.403 [main] INFO  c.s.s.SpringbootSlf4jApplication - Starting SpringbootSlf4jApplication on Administrator with PID 5088 (F:\JavaProject2024_4_17\springboot_slf4j\target\classes started by Administrator in F:\JavaProject2024_4_17\springboot_slf4j)
2024-05-27 18:27:50.403 [main] INFO  c.s.s.SpringbootSlf4jApplication - No active profile set, falling back to default profiles: default
2024-05-27 18:27:51.199 [main] INFO  o.s.b.w.e.tomcat.TomcatWebServer - Tomcat initialized with port(s): 8080 (http)
2024-05-27 18:27:51.215 [main] INFO  o.a.coyote.http11.Http11NioProtocol - Initializing ProtocolHandler ["http-nio-8080"]
2024-05-27 18:27:51.215 [main] INFO  o.a.catalina.core.StandardService - Starting service [Tomcat]
2024-05-27 18:27:51.215 [main] INFO  o.a.catalina.core.StandardEngine - Starting Servlet engine: [Apache Tomcat/9.0.46]
2024-05-27 18:27:51.215 [main] INFO  o.a.c.core.AprLifecycleListener - An older version [1.2.16] of the Apache Tomcat Native library is installed, while Tomcat recommends a minimum version of [1.2.23]
2024-05-27 18:27:51.215 [main] INFO  o.a.c.core.AprLifecycleListener - Loaded Apache Tomcat Native library [1.2.16] using APR version [1.6.3].
2024-05-27 18:27:51.215 [main] INFO  o.a.c.core.AprLifecycleListener - APR capabilities: IPv6 [true], sendfile [true], accept filters [false], random [true].
2024-05-27 18:27:51.215 [main] INFO  o.a.c.core.AprLifecycleListener - APR/OpenSSL configuration: useAprConnector [false], useOpenSSL [true]
2024-05-27 18:27:52.246 [main] INFO  o.a.c.core.AprLifecycleListener - OpenSSL successfully initialized [OpenSSL 1.0.2m  2 Nov 2017]
2024-05-27 18:27:52.324 [main] INFO  o.a.c.c.C.[Tomcat].[localhost].[/] - Initializing Spring embedded WebApplicationContext
2024-05-27 18:27:52.324 [main] INFO  o.s.b.w.s.c.ServletWebServerApplicationContext - Root WebApplicationContext: initialization completed in 1874 ms
2024-05-27 18:27:52.465 [main] INFO  o.s.s.c.ThreadPoolTaskExecutor - Initializing ExecutorService 'applicationTaskExecutor'
2024-05-27 18:27:52.574 [main] INFO  o.a.coyote.http11.Http11NioProtocol - Starting ProtocolHandler ["http-nio-8080"]
2024-05-27 18:27:52.590 [main] INFO  o.s.b.w.e.tomcat.TomcatWebServer - Tomcat started on port(s): 8080 (http) with context path ''
2024-05-27 18:27:52.606 [main] INFO  c.s.s.SpringbootSlf4jApplication - Started SpringbootSlf4jApplication in 2.522 seconds (JVM running for 3.762)
2024-05-27 18:28:13.452 [http-nio-8080-exec-1] INFO  o.a.c.c.C.[Tomcat].[localhost].[/] - Initializing Spring DispatcherServlet 'dispatcherServlet'
2024-05-27 18:28:13.453 [http-nio-8080-exec-1] INFO  o.s.web.servlet.DispatcherServlet - Initializing Servlet 'dispatcherServlet'
2024-05-27 18:28:13.461 [http-nio-8080-exec-1] INFO  o.s.web.servlet.DispatcherServlet - Completed initialization in 8 ms
2024-05-27 18:28:13.494 [http-nio-8080-exec-1] INFO  c.s.s.controller.TestController - ===========测试日志info级别打印===========
2024-05-27 18:28:13.494 [http-nio-8080-exec-1] ERROR c.s.s.controller.TestController - ===========测试日志error级别打印===========
2024-05-27 18:28:13.494 [http-nio-8080-exec-1] WARN  c.s.s.controller.TestController - ===========测试日志warn级别打印===========
2024-05-27 18:28:13.494 [http-nio-8080-exec-1] INFO  c.s.s.controller.TestController - 当前案例使用的是Spring Boot整合SLF4j案例!
